uavtracker/app/build/intermediates/manifest_merge_blame_file/civDebug/processCivDebugMainManifest/manifest-merger-blame-civ-debug-report.txt
1<?xml version="1.0" encoding="utf-8"?>
2<manifest xmlns:android="http://schemas.android.com/apk/res/android"
3    package="com.atakmap.android.uavtracker.plugin"
4    android:versionCode="1"
5    android:versionName="0.1 () - [5.5.1]" >
6
7    <uses-sdk
8        android:minSdkVersion="21"
9        android:targetSdkVersion="34" />
10
11    <!-- VWorld 온라인 지도 다운로드를 위한 인터넷 권한 -->
12    <uses-permission android:name="android.permission.INTERNET" />
12-->src\main\AndroidManifest.xml:6:5-67
12-->src\main\AndroidManifest.xml:6:22-64
13    <uses-permission android:name="android.permission.ACCESS_NETWORK_STATE" />
13-->src\main\AndroidManifest.xml:7:5-79
13-->src\main\AndroidManifest.xml:7:22-76
14
15    <application
15-->src\main\AndroidManifest.xml:9:5-31:19
16        android:allowBackup="false"
16-->src\main\AndroidManifest.xml:10:9-36
17        android:debuggable="true"
18        android:description="@string/app_desc"
18-->src\main\AndroidManifest.xml:13:9-47
19        android:extractNativeLibs="true"
20        android:icon="@drawable/ic_launcher"
20-->src\main\AndroidManifest.xml:11:9-45
21        android:label="@string/app_name"
21-->src\main\AndroidManifest.xml:12:9-41
22        android:theme="@style/AppTheme" >
22-->src\main\AndroidManifest.xml:14:9-40
23        <meta-data
24            android:name="plugin-api"
24-->src\main\AndroidManifest.xml:15:20-45
25            android:value="com.atakmap.app@5.5.1.CIV" />
25-->src\main\AndroidManifest.xml:15:46-79
26        <meta-data
26-->src\main\AndroidManifest.xml:16:9-78
27            android:name="app_desc"
27-->src\main\AndroidManifest.xml:16:20-43
28            android:value="@string/app_desc" />
28-->src\main\AndroidManifest.xml:16:44-76
29
30        <!--
31            This fictitious activity entry allow for ATAK 4.6.0.2 and newer to perform 
32            plugin discovery  android devices.  If this is removed, the plugin will 
33            not be able to be discovered or loaded.
34        -->
35        <activity
35-->src\main\AndroidManifest.xml:22:8-28:19
36            android:name="com.atakmap.app.component"
36-->src\main\AndroidManifest.xml:22:18-58
37            android:exported="true" >
37-->src\main\AndroidManifest.xml:23:12-35
38            <intent-filter android:label="@string/app_name" >
38-->src\main\AndroidManifest.xml:25:12-27:28
38-->src\main\AndroidManifest.xml:25:27-59
39                <action android:name="com.atakmap.app.component" />
39-->src\main\AndroidManifest.xml:26:15-66
39-->src\main\AndroidManifest.xml:26:23-63
40            </intent-filter>
41        </activity>
42    </application>
43
44</manifest>